<?xml version="1.0" encoding="UTF-8"?>
<!-- Generated by org.testng.reporters.JUnitReportReporter -->
<testsuite hostname="LAPTOP-9JIDQCJN" failures="0" tests="2" name="com.midtrans.qa.testcases.MIdTrans_Home_Test" time="66.776" errors="0" timestamp="04 Mar 2020 04:17:23 GMT" skipped="0">
  <testcase classname="com.midtrans.qa.testcases.MIdTrans_Home_Test" name="validate_SuccessFul_Order" time="36.761"/>
  <testcase classname="com.midtrans.qa.testcases.MIdTrans_Home_Test" name="Validate_UnSuccessful_Order" time="30.015"/>
</testsuite> <!-- com.midtrans.qa.testcases.MIdTrans_Home_Test -->
